::1 - GET / HTTP/1.1 302 72 - 33.803 ms
::1 - GET / HTTP/1.1 302 72 - 5.185 ms
::1 - GET / HTTP/1.1 302 72 - 4.051 ms
::1 - GET / HTTP/1.1 302 72 - 1.347 ms
::1 - GET /admin/install HTTP/1.1 500 - - 19.276 ms
::1 - GET /admin/install HTTP/1.1 500 - - 20.541 ms
::1 - GET /admin/install HTTP/1.1 500 - - 17.977 ms
::1 - GET /admin/install HTTP/1.1 500 - - 2.689 ms
::1 - GET /admin/install HTTP/1.1 500 - - 18.563 ms
::1 - POST /admin/install HTTP/1.1 302 96 - 77.826 ms
::1 - POST /admin/install?msg=success HTTP/1.1 302 96 - 30.351 ms
::1 - POST /admin/install?msg=success HTTP/1.1 302 96 - 31.565 ms
::1 - GET /page/about HTTP/1.1 404 726 - 8.039 ms
::1 - GET /page/dream-list HTTP/1.1 404 726 - 3.581 ms
::1 - GET /page/links HTTP/1.1 404 726 - 2.457 ms
::1 - GET /admin HTTP/1.1 302 68 - 9.380 ms
::1 - GET /admin/index HTTP/1.1 404 726 - 3.155 ms
::1 - GET /admin/index HTTP/1.1 404 726 - 2.199 ms
::1 - GET /admin HTTP/1.1 302 68 - 3.177 ms
::1 - GET /admin HTTP/1.1 302 68 - 7.407 ms
::1 - GET /admin HTTP/1.1 302 68 - 2.711 ms
::1 - GET /admin HTTP/1.1 302 68 - 3.055 ms
::1 - POST /admin/login HTTP/1.1 302 56 - 35.873 ms
::1 - GET /libs/jquery/jquery.min.js HTTP/1.1 404 726 - 3.097 ms
::1 - GET /libs/jquery/jquery.min.js HTTP/1.1 404 726 - 3.955 ms
::1 - GET /admin/comment HTTP/1.1 500 - - 3.809 ms
::1 - GET /admin/comment HTTP/1.1 500 - - 1.744 ms
::1 - POST /admin/login HTTP/1.1 302 56 - 7.598 ms
::1 - GET /libs/jquery/jquery.min.js HTTP/1.1 404 726 - 6.099 ms
::1 - GET /page/about HTTP/1.1 404 726 - 6.738 ms
::1 - GET /page/dream-list HTTP/1.1 404 726 - 4.172 ms
::1 - GET /page/about HTTP/1.1 404 726 - 2.359 ms
::1 - GET /libs/jquery/jquery.min.js HTTP/1.1 404 726 - 3.935 ms
::1 - GET /libs/jquery/jquery.min.js HTTP/1.1 404 726 - 2.904 ms
::1 - GET /libs/jquery/jquery.min.js HTTP/1.1 404 726 - 1.140 ms
::1 - GET /public/libs/jquery/jquery.min.js HTTP/1.1 404 726 - 1.583 ms
::1 - GET /libs/jquery/jquery.min.js HTTP/1.1 404 726 - 1.972 ms
::1 - GET /libs/jquery/jquery.min.js HTTP/1.1 404 726 - 1.818 ms
::1 - POST /admin/post/write HTTP/1.1 302 104 - 18.951 ms
::1 - GET /libs/jquery/jquery.min.js HTTP/1.1 404 726 - 1.253 ms
::1 - GET /libs/jquery/jquery.min.js HTTP/1.1 404 726 - 1.485 ms
::1 - GET /page/about HTTP/1.1 404 726 - 3.650 ms
::1 - GET /page/about HTTP/1.1 404 726 - 6.234 ms
::1 - GET /page/dream-list HTTP/1.1 404 726 - 3.025 ms
::1 - GET /page/links HTTP/1.1 404 726 - 2.388 ms
::1 - GET /page/about HTTP/1.1 404 726 - 2.699 ms
::1 - POST /comment HTTP/1.1 302 80 - 4.863 ms
::1 - GET /fuck-spam-comment HTTP/1.1 404 726 - 0.988 ms
::1 - POST /comment HTTP/1.1 302 80 - 0.969 ms
::1 - GET /fuck-spam-comment HTTP/1.1 404 726 - 5.290 ms
